<?xml version="1.0" encoding="UTF-8"?>
<testsuite name="com.example.demo.DemoApplicationTests" tests="1" skipped="0" failures="0" errors="0" timestamp="2023-07-11T14:30:57" hostname="Stephanies-MacBook-Pro.local" time="0.518">
  <properties/>
  <testcase name="contextLoads()" classname="com.example.demo.DemoApplicationTests" time="0.518"/>
  <system-out><![CDATA[16:30:53.677 [Test worker] INFO org.springframework.test.context.support.AnnotationConfigContextLoaderUtils -- Could not detect default configuration classes for test class [com.example.demo.DemoApplicationTests]: DemoApplicationTests does not declare any static, non-private, non-final, nested classes annotated with @Configuration.
16:30:53.795 [Test worker] INFO org.springframework.boot.test.context.SpringBootTestContextBootstrapper -- Found @SpringBootConfiguration com.example.demo.PayrollApplication for test class com.example.demo.DemoApplicationTests

  .   ____          _            __ _ _
 /\\ / ___'_ __ _ _(_)_ __  __ _ \ \ \ \
( ( )\___ | '_ | '_| | '_ \/ _` | \ \ \ \
 \\/  ___)| |_)| | | | | || (_| |  ) ) ) )
  '  |____| .__|_| |_|_| |_\__, | / / / /
 =========|_|==============|___/=/_/_/_/
 :: Spring Boot ::                (v3.1.1)

2023-07-11T16:30:54.196+02:00  INFO 90117 --- [    Test worker] com.example.demo.DemoApplicationTests    : Starting DemoApplicationTests using Java 20.0.1 with PID 90117 (started by stephaniedinu in /Users/stephaniedinu/Desktop/IdeaProjects/swd-rest-payroll-service-demo)
2023-07-11T16:30:54.198+02:00  INFO 90117 --- [    Test worker] com.example.demo.DemoApplicationTests    : No active profile set, falling back to 1 default profile: "default"
2023-07-11T16:30:54.788+02:00  INFO 90117 --- [    Test worker] .s.d.r.c.RepositoryConfigurationDelegate : Bootstrapping Spring Data JPA repositories in DEFAULT mode.
2023-07-11T16:30:54.840+02:00  INFO 90117 --- [    Test worker] .s.d.r.c.RepositoryConfigurationDelegate : Finished Spring Data repository scanning in 44 ms. Found 2 JPA repository interfaces.
2023-07-11T16:30:55.247+02:00  INFO 90117 --- [    Test worker] com.zaxxer.hikari.HikariDataSource       : HikariPool-1 - Starting...
2023-07-11T16:30:55.414+02:00  INFO 90117 --- [    Test worker] com.zaxxer.hikari.pool.HikariPool        : HikariPool-1 - Added connection conn0: url=jdbc:h2:mem:15d1470f-2a41-4a2e-b048-7ac46c92f15a user=SA
2023-07-11T16:30:55.416+02:00  INFO 90117 --- [    Test worker] com.zaxxer.hikari.HikariDataSource       : HikariPool-1 - Start completed.
2023-07-11T16:30:55.461+02:00  INFO 90117 --- [    Test worker] o.hibernate.jpa.internal.util.LogHelper  : HHH000204: Processing PersistenceUnitInfo [name: default]
2023-07-11T16:30:55.507+02:00  INFO 90117 --- [    Test worker] org.hibernate.Version                    : HHH000412: Hibernate ORM core version 6.2.5.Final
2023-07-11T16:30:55.509+02:00  INFO 90117 --- [    Test worker] org.hibernate.cfg.Environment            : HHH000406: Using bytecode reflection optimizer
2023-07-11T16:30:55.652+02:00  INFO 90117 --- [    Test worker] o.h.b.i.BytecodeProviderInitiator        : HHH000021: Bytecode provider name : bytebuddy
2023-07-11T16:30:55.760+02:00  INFO 90117 --- [    Test worker] o.s.o.j.p.SpringPersistenceUnitInfo      : No LoadTimeWeaver setup: ignoring JPA class transformer
2023-07-11T16:30:55.985+02:00  INFO 90117 --- [    Test worker] o.h.b.i.BytecodeProviderInitiator        : HHH000021: Bytecode provider name : bytebuddy
2023-07-11T16:30:56.512+02:00  INFO 90117 --- [    Test worker] o.h.e.t.j.p.i.JtaPlatformInitiator       : HHH000490: Using JtaPlatform implementation: [org.hibernate.engine.transaction.jta.platform.internal.NoJtaPlatform]
2023-07-11T16:30:56.543+02:00  INFO 90117 --- [    Test worker] j.LocalContainerEntityManagerFactoryBean : Initialized JPA EntityManagerFactory for persistence unit 'default'
2023-07-11T16:30:56.912+02:00  WARN 90117 --- [    Test worker] JpaBaseConfiguration$JpaWebConfiguration : spring.jpa.open-in-view is enabled by default. Therefore, database queries may be performed during view rendering. Explicitly configure spring.jpa.open-in-view to disable this warning
2023-07-11T16:30:57.275+02:00  INFO 90117 --- [    Test worker] com.example.demo.DemoApplicationTests    : Started DemoApplicationTests in 3.314 seconds (process running for 4.428)
2023-07-11T16:30:57.324+02:00  INFO 90117 --- [    Test worker] com.example.demo.LoadDatabase            : Preloading Employee{id=1, firstName='Bilbo', lastName='Baggins', role='burglar'}
2023-07-11T16:30:57.326+02:00  INFO 90117 --- [    Test worker] com.example.demo.LoadDatabase            : Preloading Employee{id=2, firstName='Frodo', lastName='Baggins', role='thief'}
2023-07-11T16:30:57.418+02:00  INFO 90117 --- [    Test worker] com.example.demo.LoadDatabase            : Preloaded Employee{id=1, firstName='Bilbo', lastName='Baggins', role='burglar'}
2023-07-11T16:30:57.418+02:00  INFO 90117 --- [    Test worker] com.example.demo.LoadDatabase            : Preloaded Employee{id=2, firstName='Frodo', lastName='Baggins', role='thief'}
2023-07-11T16:30:57.424+02:00  INFO 90117 --- [    Test worker] com.example.demo.LoadDatabase            : Preloaded Order{id=1, description='MacBook Pro', status=COMPLETED}
2023-07-11T16:30:57.424+02:00  INFO 90117 --- [    Test worker] com.example.demo.LoadDatabase            : Preloaded Order{id=2, description='iPhone', status=IN_PROGRESS}
]]></system-out>
  <system-err><![CDATA[]]></system-err>
</testsuite>
