<?xml version="1.0" encoding="UTF-8"?>
<testsuite name="com.example.demo.DemoApplicationTests" tests="1" skipped="0" failures="0" errors="0" timestamp="2023-07-11T15:43:50" hostname="Stephanies-MacBook-Pro.local" time="0.457">
  <properties/>
  <testcase name="contextLoads()" classname="com.example.demo.DemoApplicationTests" time="0.457"/>
  <system-out><![CDATA[17:43:46.741 [Test worker] INFO org.springframework.test.context.support.AnnotationConfigContextLoaderUtils -- Could not detect default configuration classes for test class [com.example.demo.DemoApplicationTests]: DemoApplicationTests does not declare any static, non-private, non-final, nested classes annotated with @Configuration.
17:43:46.822 [Test worker] INFO org.springframework.boot.test.context.SpringBootTestContextBootstrapper -- Found @SpringBootConfiguration com.example.demo.PayrollApplication for test class com.example.demo.DemoApplicationTests

  .   ____          _            __ _ _
 /\\ / ___'_ __ _ _(_)_ __  __ _ \ \ \ \
( ( )\___ | '_ | '_| | '_ \/ _` | \ \ \ \
 \\/  ___)| |_)| | | | | || (_| |  ) ) ) )
  '  |____| .__|_| |_|_| |_\__, | / / / /
 =========|_|==============|___/=/_/_/_/
 :: Spring Boot ::                (v3.1.1)

2023-07-11T17:43:47.129+02:00  INFO 91041 --- [    Test worker] com.example.demo.DemoApplicationTests    : Starting DemoApplicationTests using Java 20.0.1 with PID 91041 (started by stephaniedinu in /Users/stephaniedinu/Desktop/IdeaProjects/swd-rest-payroll-service-demo)
2023-07-11T17:43:47.130+02:00  INFO 91041 --- [    Test worker] com.example.demo.DemoApplicationTests    : No active profile set, falling back to 1 default profile: "default"
2023-07-11T17:43:47.671+02:00  INFO 91041 --- [    Test worker] .s.d.r.c.RepositoryConfigurationDelegate : Bootstrapping Spring Data JPA repositories in DEFAULT mode.
2023-07-11T17:43:47.715+02:00  INFO 91041 --- [    Test worker] .s.d.r.c.RepositoryConfigurationDelegate : Finished Spring Data repository scanning in 39 ms. Found 2 JPA repository interfaces.
2023-07-11T17:43:48.079+02:00  INFO 91041 --- [    Test worker] com.zaxxer.hikari.HikariDataSource       : HikariPool-1 - Starting...
2023-07-11T17:43:48.255+02:00  INFO 91041 --- [    Test worker] com.zaxxer.hikari.pool.HikariPool        : HikariPool-1 - Added connection conn0: url=jdbc:h2:mem:a186bd4d-0ded-48f0-97a5-dee0014ccb4a user=SA
2023-07-11T17:43:48.257+02:00  INFO 91041 --- [    Test worker] com.zaxxer.hikari.HikariDataSource       : HikariPool-1 - Start completed.
2023-07-11T17:43:48.304+02:00  INFO 91041 --- [    Test worker] o.hibernate.jpa.internal.util.LogHelper  : HHH000204: Processing PersistenceUnitInfo [name: default]
2023-07-11T17:43:48.340+02:00  INFO 91041 --- [    Test worker] org.hibernate.Version                    : HHH000412: Hibernate ORM core version 6.2.5.Final
2023-07-11T17:43:48.342+02:00  INFO 91041 --- [    Test worker] org.hibernate.cfg.Environment            : HHH000406: Using bytecode reflection optimizer
2023-07-11T17:43:48.457+02:00  INFO 91041 --- [    Test worker] o.h.b.i.BytecodeProviderInitiator        : HHH000021: Bytecode provider name : bytebuddy
2023-07-11T17:43:48.569+02:00  INFO 91041 --- [    Test worker] o.s.o.j.p.SpringPersistenceUnitInfo      : No LoadTimeWeaver setup: ignoring JPA class transformer
2023-07-11T17:43:48.793+02:00  INFO 91041 --- [    Test worker] o.h.b.i.BytecodeProviderInitiator        : HHH000021: Bytecode provider name : bytebuddy
2023-07-11T17:43:49.219+02:00  INFO 91041 --- [    Test worker] o.h.e.t.j.p.i.JtaPlatformInitiator       : HHH000490: Using JtaPlatform implementation: [org.hibernate.engine.transaction.jta.platform.internal.NoJtaPlatform]
2023-07-11T17:43:49.244+02:00  INFO 91041 --- [    Test worker] j.LocalContainerEntityManagerFactoryBean : Initialized JPA EntityManagerFactory for persistence unit 'default'
2023-07-11T17:43:49.609+02:00  WARN 91041 --- [    Test worker] JpaBaseConfiguration$JpaWebConfiguration : spring.jpa.open-in-view is enabled by default. Therefore, database queries may be performed during view rendering. Explicitly configure spring.jpa.open-in-view to disable this warning
2023-07-11T17:43:50.018+02:00  INFO 91041 --- [    Test worker] com.example.demo.DemoApplicationTests    : Started DemoApplicationTests in 3.08 seconds (process running for 4.03)
2023-07-11T17:43:50.086+02:00  INFO 91041 --- [    Test worker] com.example.demo.LoadDatabase            : Preloading Employee{id=1, firstName='Bilbo', lastName='Baggins', role='burglar'}
2023-07-11T17:43:50.088+02:00  INFO 91041 --- [    Test worker] com.example.demo.LoadDatabase            : Preloading Employee{id=2, firstName='Frodo', lastName='Baggins', role='thief'}
2023-07-11T17:43:50.194+02:00  INFO 91041 --- [    Test worker] com.example.demo.LoadDatabase            : Preloaded Employee{id=1, firstName='Bilbo', lastName='Baggins', role='burglar'}
2023-07-11T17:43:50.194+02:00  INFO 91041 --- [    Test worker] com.example.demo.LoadDatabase            : Preloaded Employee{id=2, firstName='Frodo', lastName='Baggins', role='thief'}
2023-07-11T17:43:50.202+02:00  INFO 91041 --- [    Test worker] com.example.demo.LoadDatabase            : Preloaded Order{id=1, description='MacBook Pro', status=COMPLETED}
2023-07-11T17:43:50.203+02:00  INFO 91041 --- [    Test worker] com.example.demo.LoadDatabase            : Preloaded Order{id=2, description='iPhone', status=IN_PROGRESS}
]]></system-out>
  <system-err><![CDATA[]]></system-err>
</testsuite>
